2023-05-08 03:20:24.635729 >>> {command: get_health}
2023-05-08 03:20:27.883739 <<< {isError: false, response: {status: ok}, type: _extensionType, method: ext.flutter.driver}
2023-05-08 03:20:27.927200 >>> {command: waitFor, timeout: 3000, finderType: ByValueKey, keyValueString: firstname-tag, keyValueType: String}
2023-05-08 03:20:28.094548 <<< {isError: false, response: {}, type: _extensionType, method: ext.flutter.driver}
2023-05-08 03:20:28.096268 >>> {command: waitFor, timeout: 3000, finderType: ByValueKey, keyValueString: lastname-tag, keyValueType: String}
2023-05-08 03:20:28.559066 <<< {isError: false, response: {}, type: _extensionType, method: ext.flutter.driver}
2023-05-08 03:20:28.561462 >>> {command: waitFor, timeout: 3000, finderType: ByValueKey, keyValueString: nickname-tag, keyValueType: String}
2023-05-08 03:20:28.606243 <<< {isError: false, response: {}, type: _extensionType, method: ext.flutter.driver}
2023-05-08 03:20:28.608094 >>> {command: waitFor, timeout: 3000, finderType: ByValueKey, keyValueString: age-tag, keyValueType: String}
2023-05-08 03:20:31.743989 <<< {isError: true, response: Timeout while executing waitFor: TimeoutException after 0:00:03.000000: Future not completed
, type: _extensionType, method: ext.flutter.driver}
2023-05-08 03:47:38.973941 >>> {command: get_health}
2023-05-08 03:47:41.084583 <<< {isError: false, response: {status: ok}, type: _extensionType, method: ext.flutter.driver}
2023-05-08 03:47:41.122283 >>> {command: waitFor, timeout: 3000, finderType: ByValueKey, keyValueString: firstname-tag, keyValueType: String}
2023-05-08 03:47:41.262345 <<< {isError: false, response: {}, type: _extensionType, method: ext.flutter.driver}
2023-05-08 03:47:41.263735 >>> {command: waitFor, timeout: 3000, finderType: ByValueKey, keyValueString: lastname-tag, keyValueType: String}
2023-05-08 03:47:41.284083 <<< {isError: false, response: {}, type: _extensionType, method: ext.flutter.driver}
2023-05-08 03:47:41.285664 >>> {command: waitFor, timeout: 3000, finderType: ByValueKey, keyValueString: nickname-tag, keyValueType: String}
2023-05-08 03:47:41.302553 <<< {isError: false, response: {}, type: _extensionType, method: ext.flutter.driver}
2023-05-08 03:58:29.955975 >>> {command: get_health}
2023-05-08 03:58:31.804088 <<< {isError: false, response: {status: ok}, type: _extensionType, method: ext.flutter.driver}
2023-05-08 03:58:31.842177 >>> {command: waitFor, timeout: 3000, finderType: ByValueKey, keyValueString: firstname-tag, keyValueType: String}
2023-05-08 03:58:31.962848 <<< {isError: false, response: {}, type: _extensionType, method: ext.flutter.driver}
2023-05-08 03:58:31.964362 >>> {command: waitFor, timeout: 3000, finderType: ByValueKey, keyValueString: lastname-tag, keyValueType: String}
2023-05-08 03:58:32.133377 <<< {isError: false, response: {}, type: _extensionType, method: ext.flutter.driver}
2023-05-08 03:58:32.135243 >>> {command: waitFor, timeout: 3000, finderType: ByValueKey, keyValueString: nickname-tag, keyValueType: String}
2023-05-08 03:58:32.155398 <<< {isError: false, response: {}, type: _extensionType, method: ext.flutter.driver}
